[debug] ----------------------------------------------------------------------
[debug] Command:      C:\Program Files\nodejs\node.exe C:\Users\devyn.cyphers\AppData\Roaming\npm\node_modules\firebase-tools\bin\firebase serve
[debug] CLI Version:  3.2.0
[debug] Platform:     win32
[debug] Node Version: v6.3.1
[debug] Time:         Mon Dec 05 2016 13:03:50 GMT-0700 (Mountain Standard Time)
[debug] ----------------------------------------------------------------------
[debug] 
[info] Starting Firebase development server...
[info] 
[info] Project Directory: C:\Source\DevelopmentBlog
[debug] TypeError: Cannot read property 'public' of undefined
    at Server.<anonymous> (C:\Users\devyn.cyphers\AppData\Roaming\npm\node_modules\firebase-tools\commands\serve.js:26:15)
    at Server.g (events.js:286:16)
    at emitNone (events.js:86:13)
    at Server.emit (events.js:185:7)
    at emitListeningNT (net.js:1278:10)
    at _combinedTickCallback (internal/process/next_tick.js:71:11)
    at process._tickCallback (internal/process/next_tick.js:98:9)
[error] 
[error] Error: An unexpected error has occurred.
[debug] ----------------------------------------------------------------------
[debug] Command:      C:\Program Files\nodejs\node.exe C:\Users\devyn.cyphers\AppData\Roaming\npm\node_modules\firebase-tools\bin\firebase serve
[debug] CLI Version:  3.2.0
[debug] Platform:     win32
[debug] Node Version: v6.3.1
[debug] Time:         Mon Dec 05 2016 13:03:59 GMT-0700 (Mountain Standard Time)
[debug] ----------------------------------------------------------------------
[debug] 
[info] Starting Firebase development server...
[info] 
[info] Project Directory: C:\Source\DevelopmentBlog
[debug] TypeError: Cannot read property 'public' of undefined
    at Server.<anonymous> (C:\Users\devyn.cyphers\AppData\Roaming\npm\node_modules\firebase-tools\commands\serve.js:26:15)
    at Server.g (events.js:286:16)
    at emitNone (events.js:86:13)
    at Server.emit (events.js:185:7)
    at emitListeningNT (net.js:1278:10)
    at _combinedTickCallback (internal/process/next_tick.js:71:11)
    at process._tickCallback (internal/process/next_tick.js:98:9)
[error] 
[error] Error: An unexpected error has occurred.
[debug] ----------------------------------------------------------------------
[debug] Command:      C:\Program Files\nodejs\node.exe C:\Users\devyn.cyphers\AppData\Roaming\npm\node_modules\firebase-tools\bin\firebase serve
[debug] CLI Version:  3.2.0
[debug] Platform:     win32
[debug] Node Version: v6.3.1
[debug] Time:         Mon Dec 05 2016 16:57:14 GMT-0700 (Mountain Standard Time)
[debug] ----------------------------------------------------------------------
[debug] 
[info] Starting Firebase development server...
[info] 
[info] Project Directory: C:\Source\DevelopmentBlog
[debug] TypeError: Cannot read property 'public' of undefined
    at Server.<anonymous> (C:\Users\devyn.cyphers\AppData\Roaming\npm\node_modules\firebase-tools\commands\serve.js:26:15)
    at Server.g (events.js:286:16)
    at emitNone (events.js:86:13)
    at Server.emit (events.js:185:7)
    at emitListeningNT (net.js:1278:10)
    at _combinedTickCallback (internal/process/next_tick.js:71:11)
    at process._tickCallback (internal/process/next_tick.js:98:9)
[error] 
[error] Error: An unexpected error has occurred.
